[1414197056.25] SET NAMES 'utf8'
---------------------
[1414197056.25] SELECT option_value FROM wp_options WHERE option_name = 'siteurl'
---------------------
[1414197056.46] SELECT option_value FROM wp_options WHERE option_name = 'siteurl' LIMIT 1
---------------------
[1414197056.46] SELECT option_value FROM wp_options WHERE option_name = 'siteurl' LIMIT 1
---------------------
[1414197056.46] SELECT option_value FROM wp_options WHERE option_name = 'home' LIMIT 1
---------------------
[1414197056.46] SELECT option_value FROM wp_options WHERE option_name = 'siteurl' LIMIT 1
---------------------
[1414197056.47] SELECT option_value FROM wp_options WHERE option_name = 'active_plugins' LIMIT 1
---------------------
[1414197056.47] SELECT option_value FROM wp_options WHERE option_name = 'hack_file' LIMIT 1
---------------------
[1414197056.48] SELECT option_value FROM wp_options WHERE option_name = 'blog_charset' LIMIT 1
---------------------
[1414197056.49] SELECT option_value FROM wp_options WHERE option_name = 'permalink_structure' LIMIT 1
---------------------
[1414197056.49] SELECT option_value FROM wp_options WHERE option_name = 'wp_user_roles' LIMIT 1
---------------------
[1414197056.49] SELECT option_value FROM wp_options WHERE option_name = 'template' LIMIT 1
---------------------
[1414197056.49] SELECT option_value FROM wp_options WHERE option_name = 'stylesheet' LIMIT 1
---------------------
[1414197056.49] SELECT option_value FROM wp_options WHERE option_name = 'category_base' LIMIT 1
---------------------
[1414197056.49] SELECT option_value FROM wp_options WHERE option_name = 'category_base' LIMIT 1
---------------------
[1414197056.49] SELECT option_value FROM wp_options WHERE option_name = 'tag_base' LIMIT 1
---------------------
[1414197056.49] SELECT option_value FROM wp_options WHERE option_name = 'tag_base' LIMIT 1
---------------------
[1414197056.5] SELECT option_value FROM wp_options WHERE option_name = 'permalink_structure' LIMIT 1
---------------------
[1414197056.5] SELECT option_value FROM wp_options WHERE option_name = 'permalink_structure' LIMIT 1
---------------------
[1414197056.5] SELECT option_value FROM wp_options WHERE option_name = 'permalink_structure' LIMIT 1
---------------------
[1414197056.5] SELECT option_value FROM wp_options WHERE option_name = 'siteurl'
---------------------
[1414197056.52] SELECT option_value FROM wp_options WHERE option_name = 'use_smilies' LIMIT 1
---------------------
[1414197056.52] SELECT option_value FROM wp_options WHERE option_name = 'cron' LIMIT 1
---------------------
[1414197056.52] SELECT option_value FROM wp_options WHERE option_name = 'cron' LIMIT 1
---------------------
[1414197056.52] SELECT option_value FROM wp_options WHERE option_name = 'cron' LIMIT 1
---------------------
[1414197056.52] SELECT option_value FROM wp_options WHERE option_name = 'cron' LIMIT 1
---------------------
[1414197056.52] SELECT option_value FROM wp_options WHERE option_name = 'theme_switched' LIMIT 1
---------------------
[1414197056.59] SELECT option_value FROM wp_options WHERE option_name = 'siteurl'
---------------------
[1414197056.61] SELECT option_value FROM wp_options WHERE option_name = 'html_type' LIMIT 1
---------------------
[1414197056.61] SELECT option_value FROM wp_options WHERE option_name = 'html_type' LIMIT 1
---------------------
[1414197056.61] SELECT option_value FROM wp_options WHERE option_name = 'siteurl' LIMIT 1
---------------------
[1414197056.61] SELECT option_value FROM wp_options WHERE option_name = 'blog_charset' LIMIT 1
---------------------
[1414197056.61] SELECT option_value FROM wp_options WHERE option_name = 'siteurl' LIMIT 1
---------------------
[1414197056.62] SELECT option_value FROM wp_options WHERE option_name = 'siteurl' LIMIT 1
---------------------
[1414197056.62] SELECT option_value FROM wp_options WHERE option_name = 'siteurl' LIMIT 1
---------------------
[1414197056.62] SELECT option_value FROM wp_options WHERE option_name = 'siteurl' LIMIT 1
---------------------
[1414197157.22] SET NAMES 'utf8'
---------------------
[1414197157.23] SELECT option_value FROM wp_options WHERE option_name = 'siteurl'
---------------------
[1414197157.41] SELECT option_value FROM wp_options WHERE option_name = 'siteurl' LIMIT 1
---------------------
[1414197157.41] SELECT option_value FROM wp_options WHERE option_name = 'siteurl' LIMIT 1
---------------------
[1414197157.41] SELECT option_value FROM wp_options WHERE option_name = 'home' LIMIT 1
---------------------
[1414197157.41] SELECT option_value FROM wp_options WHERE option_name = 'siteurl' LIMIT 1
---------------------
[1414197157.42] SELECT option_value FROM wp_options WHERE option_name = 'active_plugins' LIMIT 1
---------------------
[1414197157.42] SELECT option_value FROM wp_options WHERE option_name = 'hack_file' LIMIT 1
---------------------
[1414197157.43] SELECT option_value FROM wp_options WHERE option_name = 'blog_charset' LIMIT 1
---------------------
[1414197157.44] SELECT option_value FROM wp_options WHERE option_name = 'permalink_structure' LIMIT 1
---------------------
[1414197157.44] SELECT option_value FROM wp_options WHERE option_name = 'wp_user_roles' LIMIT 1
---------------------
[1414197157.44] SELECT option_value FROM wp_options WHERE option_name = 'template' LIMIT 1
---------------------
[1414197157.44] SELECT option_value FROM wp_options WHERE option_name = 'stylesheet' LIMIT 1
---------------------
[1414197157.45] SELECT option_value FROM wp_options WHERE option_name = 'category_base' LIMIT 1
---------------------
[1414197157.45] SELECT option_value FROM wp_options WHERE option_name = 'category_base' LIMIT 1
---------------------
[1414197157.45] SELECT option_value FROM wp_options WHERE option_name = 'tag_base' LIMIT 1
---------------------
[1414197157.45] SELECT option_value FROM wp_options WHERE option_name = 'tag_base' LIMIT 1
---------------------
[1414197157.45] SELECT option_value FROM wp_options WHERE option_name = 'permalink_structure' LIMIT 1
---------------------
[1414197157.45] SELECT option_value FROM wp_options WHERE option_name = 'permalink_structure' LIMIT 1
---------------------
[1414197157.45] SELECT option_value FROM wp_options WHERE option_name = 'permalink_structure' LIMIT 1
---------------------
[1414197157.45] SELECT option_value FROM wp_options WHERE option_name = 'siteurl'
---------------------
[1414197157.47] SELECT option_value FROM wp_options WHERE option_name = 'use_smilies' LIMIT 1
---------------------
[1414197157.47] SELECT option_value FROM wp_options WHERE option_name = 'cron' LIMIT 1
---------------------
[1414197157.47] SELECT option_value FROM wp_options WHERE option_name = 'cron' LIMIT 1
---------------------
[1414197157.47] SELECT option_value FROM wp_options WHERE option_name = 'cron' LIMIT 1
---------------------
[1414197157.47] SELECT option_value FROM wp_options WHERE option_name = 'cron' LIMIT 1
---------------------
[1414197157.47] SELECT option_value FROM wp_options WHERE option_name = 'theme_switched' LIMIT 1
---------------------
[1414197157.53] SELECT option_value FROM wp_options WHERE option_name = 'siteurl'
---------------------
[1414197157.55] SELECT option_value FROM wp_options WHERE option_name = 'html_type' LIMIT 1
---------------------
[1414197157.55] SELECT option_value FROM wp_options WHERE option_name = 'html_type' LIMIT 1
---------------------
[1414197157.55] SELECT option_value FROM wp_options WHERE option_name = 'siteurl' LIMIT 1
---------------------
[1414197157.55] SELECT option_value FROM wp_options WHERE option_name = 'blog_charset' LIMIT 1
---------------------
[1414197157.56] SELECT option_value FROM wp_options WHERE option_name = 'siteurl' LIMIT 1
---------------------
[1414197157.56] SELECT option_value FROM wp_options WHERE option_name = 'siteurl' LIMIT 1
---------------------
[1414197157.56] SELECT option_value FROM wp_options WHERE option_name = 'siteurl' LIMIT 1
---------------------
[1414197157.56] SELECT option_value FROM wp_options WHERE option_name = 'siteurl' LIMIT 1
---------------------
[1414197667.63] SET NAMES 'utf8'
---------------------
[1414197667.64] SELECT option_value FROM wp_options WHERE option_name = 'siteurl'
---------------------
[1414197667.83] SELECT option_value FROM wp_options WHERE option_name = 'siteurl' LIMIT 1
---------------------
[1414197667.83] SELECT option_value FROM wp_options WHERE option_name = 'siteurl' LIMIT 1
---------------------
[1414197667.83] SELECT option_value FROM wp_options WHERE option_name = 'home' LIMIT 1
---------------------
[1414197667.83] SELECT option_value FROM wp_options WHERE option_name = 'siteurl' LIMIT 1
---------------------
[1414197667.83] SELECT option_value FROM wp_options WHERE option_name = 'active_plugins' LIMIT 1
---------------------
[1414197667.83] SELECT option_value FROM wp_options WHERE option_name = 'hack_file' LIMIT 1
---------------------
[1414197667.84] SELECT option_value FROM wp_options WHERE option_name = 'blog_charset' LIMIT 1
---------------------
[1414197667.85] SELECT option_value FROM wp_options WHERE option_name = 'permalink_structure' LIMIT 1
---------------------
[1414197667.85] SELECT option_value FROM wp_options WHERE option_name = 'wp_user_roles' LIMIT 1
---------------------
[1414197667.85] SELECT option_value FROM wp_options WHERE option_name = 'template' LIMIT 1
---------------------
[1414197667.85] SELECT option_value FROM wp_options WHERE option_name = 'stylesheet' LIMIT 1
---------------------
[1414197667.85] SELECT option_value FROM wp_options WHERE option_name = 'category_base' LIMIT 1
---------------------
[1414197667.85] SELECT option_value FROM wp_options WHERE option_name = 'category_base' LIMIT 1
---------------------
[1414197667.85] SELECT option_value FROM wp_options WHERE option_name = 'tag_base' LIMIT 1
---------------------
[1414197667.85] SELECT option_value FROM wp_options WHERE option_name = 'tag_base' LIMIT 1
---------------------
[1414197667.85] SELECT option_value FROM wp_options WHERE option_name = 'permalink_structure' LIMIT 1
---------------------
[1414197667.86] SELECT option_value FROM wp_options WHERE option_name = 'permalink_structure' LIMIT 1
---------------------
[1414197667.86] SELECT option_value FROM wp_options WHERE option_name = 'permalink_structure' LIMIT 1
---------------------
[1414197667.86] SELECT option_value FROM wp_options WHERE option_name = 'siteurl'
---------------------
[1414197667.88] SELECT option_value FROM wp_options WHERE option_name = 'use_smilies' LIMIT 1
---------------------
[1414197667.88] SELECT option_value FROM wp_options WHERE option_name = 'cron' LIMIT 1
---------------------
[1414197667.88] SELECT option_value FROM wp_options WHERE option_name = 'cron' LIMIT 1
---------------------
[1414197667.88] SELECT option_value FROM wp_options WHERE option_name = 'cron' LIMIT 1
---------------------
[1414197667.88] SELECT option_value FROM wp_options WHERE option_name = 'cron' LIMIT 1
---------------------
[1414197667.88] SELECT option_value FROM wp_options WHERE option_name = 'theme_switched' LIMIT 1
---------------------
[1414197667.94] SELECT option_value FROM wp_options WHERE option_name = 'siteurl'
---------------------
[1414197667.96] SELECT option_value FROM wp_options WHERE option_name = 'html_type' LIMIT 1
---------------------
[1414197667.96] SELECT option_value FROM wp_options WHERE option_name = 'html_type' LIMIT 1
---------------------
[1414197667.96] SELECT option_value FROM wp_options WHERE option_name = 'siteurl' LIMIT 1
---------------------
[1414197667.96] SELECT option_value FROM wp_options WHERE option_name = 'blog_charset' LIMIT 1
---------------------
[1414197667.97] SELECT option_value FROM wp_options WHERE option_name = 'siteurl' LIMIT 1
---------------------
[1414197667.97] SELECT option_value FROM wp_options WHERE option_name = 'siteurl' LIMIT 1
---------------------
[1414197667.97] SELECT option_value FROM wp_options WHERE option_name = 'siteurl' LIMIT 1
---------------------
[1414197667.97] SELECT option_value FROM wp_options WHERE option_name = 'siteurl' LIMIT 1
---------------------
